<?xml version="1.0" encoding="UTF-8"?>
<!-- Generated by org.testng.reporters.JUnitXMLReporter -->
<testsuite ignored="0" hostname="ACER" failures="0" tests="2" name="Default test" time="0.052" errors="0" timestamp="2023-05-31T20:49:08 IST">
  <testcase classname="TestNG_Pack.Profile_TestClass" name="@BeforeTest OpenBrowser" time="-1.685546347935E9">
    <failure type="org.testng.TestNGException" message="
Parameter &amp;apos;browser&amp;apos; is required by BeforeTest on method OpenBrowser but has not been marked @Optional or defined
in C:\Users\sanja\AppData\Local\Temp\testng-eclipse--1538889474\testng-customsuite.xml">
      <![CDATA[org.testng.TestNGException: 
Parameter 'browser' is required by BeforeTest on method OpenBrowser but has not been marked @Optional or defined
in C:\Users\sanja\AppData\Local\Temp\testng-eclipse--1538889474\testng-customsuite.xml
at org.testng.internal.Parameters.createParams(Parameters.java:270)
at org.testng.internal.Parameters.createParametersForMethod(Parameters.java:358)
at org.testng.internal.Parameters.createParameters(Parameters.java:700)
at org.testng.internal.Parameters.createConfigurationParameters(Parameters.java:168)
at org.testng.internal.ConfigInvoker.invokeConfigurations(ConfigInvoker.java:302)
at org.testng.TestRunner.invokeTestConfigurations(TestRunner.java:637)
at org.testng.TestRunner.beforeRun(TestRunner.java:627)
at org.testng.TestRunner.run(TestRunner.java:589)
at org.testng.SuiteRunner.runTest(SuiteRunner.java:377)
at org.testng.SuiteRunner.runSequentially(SuiteRunner.java:371)
at org.testng.SuiteRunner.privateRun(SuiteRunner.java:332)
at org.testng.SuiteRunner.run(SuiteRunner.java:276)
at org.testng.SuiteRunnerWorker.runSuite(SuiteRunnerWorker.java:53)
at org.testng.SuiteRunnerWorker.run(SuiteRunnerWorker.java:96)
at org.testng.TestNG.runSuitesSequentially(TestNG.java:1212)
at org.testng.TestNG.runSuitesLocally(TestNG.java:1134)
at org.testng.TestNG.runSuites(TestNG.java:1063)
at org.testng.TestNG.run(TestNG.java:1031)
at org.testng.remote.AbstractRemoteTestNG.run(AbstractRemoteTestNG.java:115)
at org.testng.remote.RemoteTestNG.initAndRun(RemoteTestNG.java:251)
at org.testng.remote.RemoteTestNG.main(RemoteTestNG.java:77)
]]>
    </failure>
  </testcase> <!-- @BeforeTest OpenBrowser -->
  <testcase classname="TestNG_Pack.Profile_TestClass" name="@BeforeClass createPOMObject" time="-1.685546347954E9">
    <skipped/>
  </testcase> <!-- @BeforeClass createPOMObject -->
  <testcase classname="TestNG_Pack.Profile_TestClass" name="@BeforeMethod Open_the_Application" time="-1.685546347969E9">
    <skipped/>
  </testcase> <!-- @BeforeMethod Open_the_Application -->
  <testcase classname="TestNG_Pack.Profile_TestClass" name="@AfterMethod afterMethod" time="-1.685546347974E9">
    <skipped/>
  </testcase> <!-- @AfterMethod afterMethod -->
  <testcase classname="TestNG_Pack.Profile_TestClass" name="@BeforeMethod Open_the_Application" time="-1.685546347978E9">
    <skipped/>
  </testcase> <!-- @BeforeMethod Open_the_Application -->
  <testcase classname="TestNG_Pack.Profile_TestClass" name="@AfterMethod afterMethod" time="-1.685546347981E9">
    <skipped/>
  </testcase> <!-- @AfterMethod afterMethod -->
  <testcase classname="TestNG_Pack.Profile_TestClass" name="@AfterClass clearObject" time="-1.685546347982E9">
    <skipped/>
  </testcase> <!-- @AfterClass clearObject -->
  <testcase classname="TestNG_Pack.Profile_TestClass" name="@AfterTest afterTest" time="-1.685546347983E9">
    <skipped/>
  </testcase> <!-- @AfterTest afterTest -->
  <testcase classname="TestNG_Pack.Profile_TestClass" name="VerifyThatUserIsAbleToNavigateOnPolicyTabInProfileSection" time="0.0">
    <skipped/>
  </testcase> <!-- VerifyThatUserIsAbleToNavigateOnPolicyTabInProfileSection -->
  <testcase classname="TestNG_Pack.Profile_TestClass" name="VerifyThatUserIsAbleToNavigateFromPolicyTabToLogsTab" time="0.0">
    <skipped/>
  </testcase> <!-- VerifyThatUserIsAbleToNavigateFromPolicyTabToLogsTab -->
</testsuite> <!-- Default test -->
