<?xml version="1.0" encoding="UTF-8"?>
<!-- Generated by org.testng.reporters.JUnitXMLReporter -->
<testsuite ignored="0" hostname="ACER" failures="4" tests="25" name="FirefoxTest" time="104.474" errors="0" timestamp="2023-06-01T01:38:18 IST">
  <testcase classname="TestNG_Pack.Profile_TestClass" name="@BeforeMethod Open_the_Application" time="55.681">
    <failure type="java.lang.NoClassDefFoundError" message="Could not initialize class org.apache.poi.util.IOUtils">
      <![CDATA[java.lang.NoClassDefFoundError: Could not initialize class org.apache.poi.util.IOUtils
at org.apache.poi.poifs.filesystem.FileMagic.valueOf(FileMagic.java:209)
at org.apache.poi.ss.usermodel.WorkbookFactory.create(WorkbookFactory.java:222)
at org.apache.poi.ss.usermodel.WorkbookFactory.create(WorkbookFactory.java:185)
at Utils.Utility.getExcelData(Utility.java:45)
at TestNG_Pack.Profile_TestClass.Open_the_Application(Profile_TestClass.java:80)
at java.base/java.util.concurrent.ThreadPoolExecutor.runWorker(ThreadPoolExecutor.java:1136)
at java.base/java.util.concurrent.ThreadPoolExecutor$Worker.run(ThreadPoolExecutor.java:635)
at java.base/java.lang.Thread.run(Thread.java:833)
... Removed 16 stack frames]]>
    </failure>
  </testcase> <!-- @BeforeMethod Open_the_Application -->
  <testcase classname="TestNG_Pack.Profile_TestClass" name="@AfterMethod afterMethod" time="-1.685563675275E9">
    <skipped/>
  </testcase> <!-- @AfterMethod afterMethod -->
  <testcase classname="TestNG_Pack.Profile_TestClass" name="@BeforeMethod Open_the_Application" time="-1.685563675283E9">
    <skipped/>
  </testcase> <!-- @BeforeMethod Open_the_Application -->
  <testcase classname="TestNG_Pack.Profile_TestClass" name="@AfterMethod afterMethod" time="-1.685563675293E9">
    <skipped/>
  </testcase> <!-- @AfterMethod afterMethod -->
  <testcase classname="TestNG_Pack.Profile_TestClass" name="@BeforeMethod Open_the_Application" time="-1.685563675303E9">
    <skipped/>
  </testcase> <!-- @BeforeMethod Open_the_Application -->
  <testcase classname="TestNG_Pack.Profile_TestClass" name="@AfterMethod afterMethod" time="-1.685563675304E9">
    <skipped/>
  </testcase> <!-- @AfterMethod afterMethod -->
  <testcase classname="TestNG_Pack.Profile_TestClass" name="@AfterClass clearObject" time="-1.685563675304E9">
    <skipped/>
  </testcase> <!-- @AfterClass clearObject -->
  <testcase classname="TestNG_Pack.LOGIN_TestClass" name="@AfterMethod afterMethod" time="0.005">
    <failure type="org.openqa.selenium.NoSuchSessionException" message="Tried to run command without establishing a connection
Build info: version: &amp;apos;4.0.0&amp;apos;, revision: &amp;apos;3a21814679&amp;apos;
System info: host: &amp;apos;ACER&amp;apos;, ip: &amp;apos;192.168.43.147&amp;apos;, os.name: &amp;apos;Windows 11&amp;apos;, os.arch: &amp;apos;amd64&amp;apos;, os.version: &amp;apos;10.0&amp;apos;, java.version: &amp;apos;17.0.5&amp;apos;
Driver info: org.openqa.selenium.firefox.FirefoxDriver
Command: [77e9988a-7a25-4e4d-a91e-b694c67df4fa, screenshot {}]
Capabilities {acceptInsecureCerts: true, browserName: firefox, browserVersion: 113.0.2, javascriptEnabled: true, moz:accessibilityChecks: false, moz:buildID: 20230522134052, moz:debuggerAddress: 127.0.0.1:56567, moz:geckodriverVersion: 0.32.2, moz:headless: false, moz:platformVersion: 10.0, moz:processID: 25348, moz:profile: C:\Users\sanja\AppData\Loca..., moz:shutdownTimeout: 60000, moz:useNonSpecCompliantPointerOrigin: false, moz:webdriverClick: true, moz:windowless: false, pageLoadStrategy: normal, platform: WINDOWS, platformName: WINDOWS, proxy: Proxy(), se:cdp: ws://127.0.0.1:56567/devtoo..., se:cdpVersion: 85, setWindowRect: true, strictFileInteractability: false, timeouts: {implicit: 0, pageLoad: 300000, script: 30000}, unhandledPromptBehavior: dismiss and notify}
Session ID: 77e9988a-7a25-4e4d-a91e-b694c67df4fa">
      <![CDATA[org.openqa.selenium.NoSuchSessionException: Tried to run command without establishing a connection
Build info: version: '4.0.0', revision: '3a21814679'
System info: host: 'ACER', ip: '192.168.43.147', os.name: 'Windows 11', os.arch: 'amd64', os.version: '10.0', java.version: '17.0.5'
Driver info: org.openqa.selenium.firefox.FirefoxDriver
Command: [77e9988a-7a25-4e4d-a91e-b694c67df4fa, screenshot {}]
Capabilities {acceptInsecureCerts: true, browserName: firefox, browserVersion: 113.0.2, javascriptEnabled: true, moz:accessibilityChecks: false, moz:buildID: 20230522134052, moz:debuggerAddress: 127.0.0.1:56567, moz:geckodriverVersion: 0.32.2, moz:headless: false, moz:platformVersion: 10.0, moz:processID: 25348, moz:profile: C:\Users\sanja\AppData\Loca..., moz:shutdownTimeout: 60000, moz:useNonSpecCompliantPointerOrigin: false, moz:webdriverClick: true, moz:windowless: false, pageLoadStrategy: normal, platform: WINDOWS, platformName: WINDOWS, proxy: Proxy(), se:cdp: ws://127.0.0.1:56567/devtoo..., se:cdpVersion: 85, setWindowRect: true, strictFileInteractability: false, timeouts: {implicit: 0, pageLoad: 300000, script: 30000}, unhandledPromptBehavior: dismiss and notify}
Session ID: 77e9988a-7a25-4e4d-a91e-b694c67df4fa
at org.openqa.selenium.remote.codec.w3c.W3CHttpResponseCodec.createException(W3CHttpResponseCodec.java:200)
at org.openqa.selenium.remote.codec.w3c.W3CHttpResponseCodec.decode(W3CHttpResponseCodec.java:133)
at org.openqa.selenium.remote.codec.w3c.W3CHttpResponseCodec.decode(W3CHttpResponseCodec.java:53)
at org.openqa.selenium.remote.HttpCommandExecutor.execute(HttpCommandExecutor.java:184)
at org.openqa.selenium.remote.service.DriverCommandExecutor.invokeExecute(DriverCommandExecutor.java:164)
at org.openqa.selenium.remote.service.DriverCommandExecutor.execute(DriverCommandExecutor.java:139)
at org.openqa.selenium.remote.RemoteWebDriver.execute(RemoteWebDriver.java:559)
at org.openqa.selenium.remote.RemoteWebDriver.execute(RemoteWebDriver.java:614)
at org.openqa.selenium.remote.RemoteWebDriver.execute(RemoteWebDriver.java:618)
at org.openqa.selenium.remote.RemoteWebDriver.getScreenshotAs(RemoteWebDriver.java:349)
at Utils.Utility.captureScreenshot(Utility.java:25)
at TestNG_Pack.LOGIN_TestClass.afterMethod(LOGIN_TestClass.java:152)
at java.base/java.util.concurrent.ThreadPoolExecutor.runWorker(ThreadPoolExecutor.java:1136)
at java.base/java.util.concurrent.ThreadPoolExecutor$Worker.run(ThreadPoolExecutor.java:635)
at java.base/java.lang.Thread.run(Thread.java:833)
... Removed 22 stack frames]]>
    </failure>
  </testcase> <!-- @AfterMethod afterMethod -->
  <testcase classname="TestNG_Pack.LOGIN_TestClass" name="@BeforeMethod Open_the_Application" time="-1.685563694317E9">
    <skipped/>
  </testcase> <!-- @BeforeMethod Open_the_Application -->
  <testcase classname="TestNG_Pack.LOGIN_TestClass" name="@AfterMethod afterMethod" time="-1.685563694323E9">
    <skipped/>
  </testcase> <!-- @AfterMethod afterMethod -->
  <testcase classname="TestNG_Pack.LOGIN_TestClass" name="@AfterClass clearObject" time="-1.685563694325E9">
    <skipped/>
  </testcase> <!-- @AfterClass clearObject -->
  <testcase classname="TestNG_Pack.ForgotPass_TestClass" name="@BeforeMethod Open_the_Application" time="0.332">
    <failure type="org.openqa.selenium.WebDriverException" message="Failed to decode response from marionette
Build info: version: &amp;apos;4.0.0&amp;apos;, revision: &amp;apos;3a21814679&amp;apos;
System info: host: &amp;apos;ACER&amp;apos;, ip: &amp;apos;192.168.43.147&amp;apos;, os.name: &amp;apos;Windows 11&amp;apos;, os.arch: &amp;apos;amd64&amp;apos;, os.version: &amp;apos;10.0&amp;apos;, java.version: &amp;apos;17.0.5&amp;apos;
Driver info: org.openqa.selenium.firefox.FirefoxDriver
Command: [4b4bf7cb-d3e4-4f03-8ef7-f9c1cc5660cd, get {url=https://dev340.blockarmour.com/}]
Capabilities {acceptInsecureCerts: true, browserName: firefox, browserVersion: 113.0.2, javascriptEnabled: true, moz:accessibilityChecks: false, moz:buildID: 20230522134052, moz:debuggerAddress: 127.0.0.1:61376, moz:geckodriverVersion: 0.32.2, moz:headless: false, moz:platformVersion: 10.0, moz:processID: 23896, moz:profile: C:\Users\sanja\AppData\Loca..., moz:shutdownTimeout: 60000, moz:useNonSpecCompliantPointerOrigin: false, moz:webdriverClick: true, moz:windowless: false, pageLoadStrategy: normal, platform: WINDOWS, platformName: WINDOWS, proxy: Proxy(), se:cdp: ws://127.0.0.1:61376/devtoo..., se:cdpVersion: 85, setWindowRect: true, strictFileInteractability: false, timeouts: {implicit: 0, pageLoad: 300000, script: 30000}, unhandledPromptBehavior: dismiss and notify}
Session ID: 4b4bf7cb-d3e4-4f03-8ef7-f9c1cc5660cd">
      <![CDATA[org.openqa.selenium.WebDriverException: Failed to decode response from marionette
Build info: version: '4.0.0', revision: '3a21814679'
System info: host: 'ACER', ip: '192.168.43.147', os.name: 'Windows 11', os.arch: 'amd64', os.version: '10.0', java.version: '17.0.5'
Driver info: org.openqa.selenium.firefox.FirefoxDriver
Command: [4b4bf7cb-d3e4-4f03-8ef7-f9c1cc5660cd, get {url=https://dev340.blockarmour.com/}]
Capabilities {acceptInsecureCerts: true, browserName: firefox, browserVersion: 113.0.2, javascriptEnabled: true, moz:accessibilityChecks: false, moz:buildID: 20230522134052, moz:debuggerAddress: 127.0.0.1:61376, moz:geckodriverVersion: 0.32.2, moz:headless: false, moz:platformVersion: 10.0, moz:processID: 23896, moz:profile: C:\Users\sanja\AppData\Loca..., moz:shutdownTimeout: 60000, moz:useNonSpecCompliantPointerOrigin: false, moz:webdriverClick: true, moz:windowless: false, pageLoadStrategy: normal, platform: WINDOWS, platformName: WINDOWS, proxy: Proxy(), se:cdp: ws://127.0.0.1:61376/devtoo..., se:cdpVersion: 85, setWindowRect: true, strictFileInteractability: false, timeouts: {implicit: 0, pageLoad: 300000, script: 30000}, unhandledPromptBehavior: dismiss and notify}
Session ID: 4b4bf7cb-d3e4-4f03-8ef7-f9c1cc5660cd
at org.openqa.selenium.remote.codec.w3c.W3CHttpResponseCodec.createException(W3CHttpResponseCodec.java:200)
at org.openqa.selenium.remote.codec.w3c.W3CHttpResponseCodec.decode(W3CHttpResponseCodec.java:133)
at org.openqa.selenium.remote.codec.w3c.W3CHttpResponseCodec.decode(W3CHttpResponseCodec.java:53)
at org.openqa.selenium.remote.HttpCommandExecutor.execute(HttpCommandExecutor.java:184)
at org.openqa.selenium.remote.service.DriverCommandExecutor.invokeExecute(DriverCommandExecutor.java:164)
at org.openqa.selenium.remote.service.DriverCommandExecutor.execute(DriverCommandExecutor.java:139)
at org.openqa.selenium.remote.RemoteWebDriver.execute(RemoteWebDriver.java:559)
at org.openqa.selenium.remote.RemoteWebDriver.get(RemoteWebDriver.java:328)
at TestNG_Pack.ForgotPass_TestClass.Open_the_Application(ForgotPass_TestClass.java:73)
at java.base/java.util.concurrent.ThreadPoolExecutor.runWorker(ThreadPoolExecutor.java:1136)
at java.base/java.util.concurrent.ThreadPoolExecutor$Worker.run(ThreadPoolExecutor.java:635)
at java.base/java.lang.Thread.run(Thread.java:833)
... Removed 21 stack frames]]>
    </failure>
  </testcase> <!-- @BeforeMethod Open_the_Application -->
  <testcase classname="TestNG_Pack.ForgotPass_TestClass" name="@AfterMethod afterMethod" time="-1.685563694668E9">
    <skipped/>
  </testcase> <!-- @AfterMethod afterMethod -->
  <testcase classname="TestNG_Pack.ForgotPass_TestClass" name="@BeforeMethod Open_the_Application" time="-1.685563694669E9">
    <skipped/>
  </testcase> <!-- @BeforeMethod Open_the_Application -->
  <testcase classname="TestNG_Pack.ForgotPass_TestClass" name="@AfterMethod afterMethod" time="-1.685563694676E9">
    <skipped/>
  </testcase> <!-- @AfterMethod afterMethod -->
  <testcase classname="TestNG_Pack.ForgotPass_TestClass" name="@AfterClass clearObject" time="-1.685563694678E9">
    <skipped/>
  </testcase> <!-- @AfterClass clearObject -->
  <testcase classname="TestNG_Pack.LoginPage_TestClass" name="@BeforeMethod Open_the_Application" time="0.404">
    <failure type="org.openqa.selenium.WebDriverException" message="Failed to decode response from marionette
Build info: version: &amp;apos;4.0.0&amp;apos;, revision: &amp;apos;3a21814679&amp;apos;
System info: host: &amp;apos;ACER&amp;apos;, ip: &amp;apos;192.168.43.147&amp;apos;, os.name: &amp;apos;Windows 11&amp;apos;, os.arch: &amp;apos;amd64&amp;apos;, os.version: &amp;apos;10.0&amp;apos;, java.version: &amp;apos;17.0.5&amp;apos;
Driver info: org.openqa.selenium.firefox.FirefoxDriver
Command: [e8347e03-1bee-4e36-9b11-edc2ca862dd3, get {url=https://dev340.blockarmour.com/}]
Capabilities {acceptInsecureCerts: true, browserName: firefox, browserVersion: 113.0.2, javascriptEnabled: true, moz:accessibilityChecks: false, moz:buildID: 20230522134052, moz:debuggerAddress: 127.0.0.1:56544, moz:geckodriverVersion: 0.32.2, moz:headless: false, moz:platformVersion: 10.0, moz:processID: 26144, moz:profile: C:\Users\sanja\AppData\Loca..., moz:shutdownTimeout: 60000, moz:useNonSpecCompliantPointerOrigin: false, moz:webdriverClick: true, moz:windowless: false, pageLoadStrategy: normal, platform: WINDOWS, platformName: WINDOWS, proxy: Proxy(), se:cdp: ws://127.0.0.1:56544/devtoo..., se:cdpVersion: 85, setWindowRect: true, strictFileInteractability: false, timeouts: {implicit: 0, pageLoad: 300000, script: 30000}, unhandledPromptBehavior: dismiss and notify}
Session ID: e8347e03-1bee-4e36-9b11-edc2ca862dd3">
      <![CDATA[org.openqa.selenium.WebDriverException: Failed to decode response from marionette
Build info: version: '4.0.0', revision: '3a21814679'
System info: host: 'ACER', ip: '192.168.43.147', os.name: 'Windows 11', os.arch: 'amd64', os.version: '10.0', java.version: '17.0.5'
Driver info: org.openqa.selenium.firefox.FirefoxDriver
Command: [e8347e03-1bee-4e36-9b11-edc2ca862dd3, get {url=https://dev340.blockarmour.com/}]
Capabilities {acceptInsecureCerts: true, browserName: firefox, browserVersion: 113.0.2, javascriptEnabled: true, moz:accessibilityChecks: false, moz:buildID: 20230522134052, moz:debuggerAddress: 127.0.0.1:56544, moz:geckodriverVersion: 0.32.2, moz:headless: false, moz:platformVersion: 10.0, moz:processID: 26144, moz:profile: C:\Users\sanja\AppData\Loca..., moz:shutdownTimeout: 60000, moz:useNonSpecCompliantPointerOrigin: false, moz:webdriverClick: true, moz:windowless: false, pageLoadStrategy: normal, platform: WINDOWS, platformName: WINDOWS, proxy: Proxy(), se:cdp: ws://127.0.0.1:56544/devtoo..., se:cdpVersion: 85, setWindowRect: true, strictFileInteractability: false, timeouts: {implicit: 0, pageLoad: 300000, script: 30000}, unhandledPromptBehavior: dismiss and notify}
Session ID: e8347e03-1bee-4e36-9b11-edc2ca862dd3
at org.openqa.selenium.remote.codec.w3c.W3CHttpResponseCodec.createException(W3CHttpResponseCodec.java:200)
at org.openqa.selenium.remote.codec.w3c.W3CHttpResponseCodec.decode(W3CHttpResponseCodec.java:133)
at org.openqa.selenium.remote.codec.w3c.W3CHttpResponseCodec.decode(W3CHttpResponseCodec.java:53)
at org.openqa.selenium.remote.HttpCommandExecutor.execute(HttpCommandExecutor.java:184)
at org.openqa.selenium.remote.service.DriverCommandExecutor.invokeExecute(DriverCommandExecutor.java:164)
at org.openqa.selenium.remote.service.DriverCommandExecutor.execute(DriverCommandExecutor.java:139)
at org.openqa.selenium.remote.RemoteWebDriver.execute(RemoteWebDriver.java:559)
at org.openqa.selenium.remote.RemoteWebDriver.get(RemoteWebDriver.java:328)
at TestNG_Pack.LoginPage_TestClass.Open_the_Application(LoginPage_TestClass.java:70)
at java.base/java.util.concurrent.ThreadPoolExecutor.runWorker(ThreadPoolExecutor.java:1136)
at java.base/java.util.concurrent.ThreadPoolExecutor$Worker.run(ThreadPoolExecutor.java:635)
at java.base/java.lang.Thread.run(Thread.java:833)
... Removed 21 stack frames]]>
    </failure>
  </testcase> <!-- @BeforeMethod Open_the_Application -->
  <testcase classname="TestNG_Pack.LoginPage_TestClass" name="@AfterMethod afterMethod" time="-1.685563695098E9">
    <skipped/>
  </testcase> <!-- @AfterMethod afterMethod -->
  <testcase classname="TestNG_Pack.LoginPage_TestClass" name="@BeforeMethod Open_the_Application" time="-1.6855636951E9">
    <skipped/>
  </testcase> <!-- @BeforeMethod Open_the_Application -->
  <testcase classname="TestNG_Pack.LoginPage_TestClass" name="@AfterMethod afterMethod" time="-1.685563695101E9">
    <skipped/>
  </testcase> <!-- @AfterMethod afterMethod -->
  <testcase classname="TestNG_Pack.LoginPage_TestClass" name="@BeforeMethod Open_the_Application" time="-1.685563695108E9">
    <skipped/>
  </testcase> <!-- @BeforeMethod Open_the_Application -->
  <testcase classname="TestNG_Pack.LoginPage_TestClass" name="@AfterMethod afterMethod" time="-1.685563695114E9">
    <skipped/>
  </testcase> <!-- @AfterMethod afterMethod -->
  <testcase classname="TestNG_Pack.LoginPage_TestClass" name="@AfterClass clearObject" time="-1.685563695115E9">
    <skipped/>
  </testcase> <!-- @AfterClass clearObject -->
  <testcase classname="TestNG_Pack.CreateAcc_TestClass" name="@AfterMethod afterMethod" time="0.009">
    <failure type="org.openqa.selenium.NoSuchSessionException" message="Tried to run command without establishing a connection
Build info: version: &amp;apos;4.0.0&amp;apos;, revision: &amp;apos;3a21814679&amp;apos;
System info: host: &amp;apos;ACER&amp;apos;, ip: &amp;apos;192.168.43.147&amp;apos;, os.name: &amp;apos;Windows 11&amp;apos;, os.arch: &amp;apos;amd64&amp;apos;, os.version: &amp;apos;10.0&amp;apos;, java.version: &amp;apos;17.0.5&amp;apos;
Driver info: org.openqa.selenium.firefox.FirefoxDriver
Command: [b1968d68-3ca2-42d0-b0e3-b9b862038209, screenshot {}]
Capabilities {acceptInsecureCerts: true, browserName: firefox, browserVersion: 113.0.2, javascriptEnabled: true, moz:accessibilityChecks: false, moz:buildID: 20230522134052, moz:debuggerAddress: 127.0.0.1:64971, moz:geckodriverVersion: 0.32.2, moz:headless: false, moz:platformVersion: 10.0, moz:processID: 21176, moz:profile: C:\Users\sanja\AppData\Loca..., moz:shutdownTimeout: 60000, moz:useNonSpecCompliantPointerOrigin: false, moz:webdriverClick: true, moz:windowless: false, pageLoadStrategy: normal, platform: WINDOWS, platformName: WINDOWS, proxy: Proxy(), se:cdp: ws://127.0.0.1:64971/devtoo..., se:cdpVersion: 85, setWindowRect: true, strictFileInteractability: false, timeouts: {implicit: 0, pageLoad: 300000, script: 30000}, unhandledPromptBehavior: dismiss and notify}
Session ID: b1968d68-3ca2-42d0-b0e3-b9b862038209">
      <![CDATA[org.openqa.selenium.NoSuchSessionException: Tried to run command without establishing a connection
Build info: version: '4.0.0', revision: '3a21814679'
System info: host: 'ACER', ip: '192.168.43.147', os.name: 'Windows 11', os.arch: 'amd64', os.version: '10.0', java.version: '17.0.5'
Driver info: org.openqa.selenium.firefox.FirefoxDriver
Command: [b1968d68-3ca2-42d0-b0e3-b9b862038209, screenshot {}]
Capabilities {acceptInsecureCerts: true, browserName: firefox, browserVersion: 113.0.2, javascriptEnabled: true, moz:accessibilityChecks: false, moz:buildID: 20230522134052, moz:debuggerAddress: 127.0.0.1:64971, moz:geckodriverVersion: 0.32.2, moz:headless: false, moz:platformVersion: 10.0, moz:processID: 21176, moz:profile: C:\Users\sanja\AppData\Loca..., moz:shutdownTimeout: 60000, moz:useNonSpecCompliantPointerOrigin: false, moz:webdriverClick: true, moz:windowless: false, pageLoadStrategy: normal, platform: WINDOWS, platformName: WINDOWS, proxy: Proxy(), se:cdp: ws://127.0.0.1:64971/devtoo..., se:cdpVersion: 85, setWindowRect: true, strictFileInteractability: false, timeouts: {implicit: 0, pageLoad: 300000, script: 30000}, unhandledPromptBehavior: dismiss and notify}
Session ID: b1968d68-3ca2-42d0-b0e3-b9b862038209
at org.openqa.selenium.remote.codec.w3c.W3CHttpResponseCodec.createException(W3CHttpResponseCodec.java:200)
at org.openqa.selenium.remote.codec.w3c.W3CHttpResponseCodec.decode(W3CHttpResponseCodec.java:133)
at org.openqa.selenium.remote.codec.w3c.W3CHttpResponseCodec.decode(W3CHttpResponseCodec.java:53)
at org.openqa.selenium.remote.HttpCommandExecutor.execute(HttpCommandExecutor.java:184)
at org.openqa.selenium.remote.service.DriverCommandExecutor.invokeExecute(DriverCommandExecutor.java:164)
at org.openqa.selenium.remote.service.DriverCommandExecutor.execute(DriverCommandExecutor.java:139)
at org.openqa.selenium.remote.RemoteWebDriver.execute(RemoteWebDriver.java:559)
at org.openqa.selenium.remote.RemoteWebDriver.execute(RemoteWebDriver.java:614)
at org.openqa.selenium.remote.RemoteWebDriver.execute(RemoteWebDriver.java:618)
at org.openqa.selenium.remote.RemoteWebDriver.getScreenshotAs(RemoteWebDriver.java:349)
at Utils.Utility.captureScreenshot(Utility.java:25)
at TestNG_Pack.CreateAcc_TestClass.afterMethod(CreateAcc_TestClass.java:432)
at java.base/java.util.concurrent.ThreadPoolExecutor.runWorker(ThreadPoolExecutor.java:1136)
at java.base/java.util.concurrent.ThreadPoolExecutor$Worker.run(ThreadPoolExecutor.java:635)
at java.base/java.lang.Thread.run(Thread.java:833)
... Removed 22 stack frames]]>
    </failure>
  </testcase> <!-- @AfterMethod afterMethod -->
  <testcase classname="TestNG_Pack.CreateAcc_TestClass" name="@BeforeMethod Open_the_Application" time="-1.685563695931E9">
    <skipped/>
  </testcase> <!-- @BeforeMethod Open_the_Application -->
  <testcase classname="TestNG_Pack.CreateAcc_TestClass" name="@AfterMethod afterMethod" time="-1.685563695935E9">
    <skipped/>
  </testcase> <!-- @AfterMethod afterMethod -->
  <testcase classname="TestNG_Pack.CreateAcc_TestClass" name="@BeforeMethod Open_the_Application" time="-1.685563695938E9">
    <skipped/>
  </testcase> <!-- @BeforeMethod Open_the_Application -->
  <testcase classname="TestNG_Pack.CreateAcc_TestClass" name="@AfterMethod afterMethod" time="-1.685563695943E9">
    <skipped/>
  </testcase> <!-- @AfterMethod afterMethod -->
  <testcase classname="TestNG_Pack.CreateAcc_TestClass" name="@BeforeMethod Open_the_Application" time="-1.685563695945E9">
    <skipped/>
  </testcase> <!-- @BeforeMethod Open_the_Application -->
  <testcase classname="TestNG_Pack.CreateAcc_TestClass" name="@AfterMethod afterMethod" time="-1.685563695948E9">
    <skipped/>
  </testcase> <!-- @AfterMethod afterMethod -->
  <testcase classname="TestNG_Pack.CreateAcc_TestClass" name="@BeforeMethod Open_the_Application" time="-1.68556369595E9">
    <skipped/>
  </testcase> <!-- @BeforeMethod Open_the_Application -->
  <testcase classname="TestNG_Pack.CreateAcc_TestClass" name="@AfterMethod afterMethod" time="-1.685563695955E9">
    <skipped/>
  </testcase> <!-- @AfterMethod afterMethod -->
  <testcase classname="TestNG_Pack.CreateAcc_TestClass" name="@BeforeMethod Open_the_Application" time="-1.685563695955E9">
    <skipped/>
  </testcase> <!-- @BeforeMethod Open_the_Application -->
  <testcase classname="TestNG_Pack.CreateAcc_TestClass" name="@AfterMethod afterMethod" time="-1.685563695958E9">
    <skipped/>
  </testcase> <!-- @AfterMethod afterMethod -->
  <testcase classname="TestNG_Pack.CreateAcc_TestClass" name="@BeforeMethod Open_the_Application" time="-1.685563695968E9">
    <skipped/>
  </testcase> <!-- @BeforeMethod Open_the_Application -->
  <testcase classname="TestNG_Pack.CreateAcc_TestClass" name="@AfterMethod afterMethod" time="-1.685563695973E9">
    <skipped/>
  </testcase> <!-- @AfterMethod afterMethod -->
  <testcase classname="TestNG_Pack.CreateAcc_TestClass" name="@BeforeMethod Open_the_Application" time="-1.685563695973E9">
    <skipped/>
  </testcase> <!-- @BeforeMethod Open_the_Application -->
  <testcase classname="TestNG_Pack.CreateAcc_TestClass" name="@AfterMethod afterMethod" time="-1.685563695981E9">
    <skipped/>
  </testcase> <!-- @AfterMethod afterMethod -->
  <testcase classname="TestNG_Pack.CreateAcc_TestClass" name="@BeforeMethod Open_the_Application" time="-1.685563695983E9">
    <skipped/>
  </testcase> <!-- @BeforeMethod Open_the_Application -->
  <testcase classname="TestNG_Pack.CreateAcc_TestClass" name="@AfterMethod afterMethod" time="-1.685563695987E9">
    <skipped/>
  </testcase> <!-- @AfterMethod afterMethod -->
  <testcase classname="TestNG_Pack.CreateAcc_TestClass" name="@BeforeMethod Open_the_Application" time="-1.68556369599E9">
    <skipped/>
  </testcase> <!-- @BeforeMethod Open_the_Application -->
  <testcase classname="TestNG_Pack.CreateAcc_TestClass" name="@AfterMethod afterMethod" time="-1.685563695992E9">
    <skipped/>
  </testcase> <!-- @AfterMethod afterMethod -->
  <testcase classname="TestNG_Pack.CreateAcc_TestClass" name="@BeforeMethod Open_the_Application" time="-1.685563696002E9">
    <skipped/>
  </testcase> <!-- @BeforeMethod Open_the_Application -->
  <testcase classname="TestNG_Pack.CreateAcc_TestClass" name="@AfterMethod afterMethod" time="-1.685563696007E9">
    <skipped/>
  </testcase> <!-- @AfterMethod afterMethod -->
  <testcase classname="TestNG_Pack.CreateAcc_TestClass" name="@BeforeMethod Open_the_Application" time="-1.685563696009E9">
    <skipped/>
  </testcase> <!-- @BeforeMethod Open_the_Application -->
  <testcase classname="TestNG_Pack.CreateAcc_TestClass" name="@AfterMethod afterMethod" time="-1.685563696013E9">
    <skipped/>
  </testcase> <!-- @AfterMethod afterMethod -->
  <testcase classname="TestNG_Pack.CreateAcc_TestClass" name="@BeforeMethod Open_the_Application" time="-1.685563696014E9">
    <skipped/>
  </testcase> <!-- @BeforeMethod Open_the_Application -->
  <testcase classname="TestNG_Pack.CreateAcc_TestClass" name="@AfterMethod afterMethod" time="-1.685563696017E9">
    <skipped/>
  </testcase> <!-- @AfterMethod afterMethod -->
  <testcase classname="TestNG_Pack.CreateAcc_TestClass" name="@AfterClass clearObject" time="-1.685563696018E9">
    <skipped/>
  </testcase> <!-- @AfterClass clearObject -->
  <testcase classname="TestNG_Pack.CreateAcc_TestClass" name="@AfterTest afterTest" time="0.071">
    <failure type="org.openqa.selenium.NoSuchSessionException" message="Tried to run command without establishing a connection
Build info: version: &amp;apos;4.0.0&amp;apos;, revision: &amp;apos;3a21814679&amp;apos;
System info: host: &amp;apos;ACER&amp;apos;, ip: &amp;apos;192.168.43.147&amp;apos;, os.name: &amp;apos;Windows 11&amp;apos;, os.arch: &amp;apos;amd64&amp;apos;, os.version: &amp;apos;10.0&amp;apos;, java.version: &amp;apos;17.0.5&amp;apos;
Driver info: org.openqa.selenium.firefox.FirefoxDriver
Command: [b1968d68-3ca2-42d0-b0e3-b9b862038209, quit {}]
Capabilities {acceptInsecureCerts: true, browserName: firefox, browserVersion: 113.0.2, javascriptEnabled: true, moz:accessibilityChecks: false, moz:buildID: 20230522134052, moz:debuggerAddress: 127.0.0.1:64971, moz:geckodriverVersion: 0.32.2, moz:headless: false, moz:platformVersion: 10.0, moz:processID: 21176, moz:profile: C:\Users\sanja\AppData\Loca..., moz:shutdownTimeout: 60000, moz:useNonSpecCompliantPointerOrigin: false, moz:webdriverClick: true, moz:windowless: false, pageLoadStrategy: normal, platform: WINDOWS, platformName: WINDOWS, proxy: Proxy(), se:cdp: ws://127.0.0.1:64971/devtoo..., se:cdpVersion: 85, setWindowRect: true, strictFileInteractability: false, timeouts: {implicit: 0, pageLoad: 300000, script: 30000}, unhandledPromptBehavior: dismiss and notify}
Session ID: b1968d68-3ca2-42d0-b0e3-b9b862038209">
      <![CDATA[org.openqa.selenium.NoSuchSessionException: Tried to run command without establishing a connection
Build info: version: '4.0.0', revision: '3a21814679'
System info: host: 'ACER', ip: '192.168.43.147', os.name: 'Windows 11', os.arch: 'amd64', os.version: '10.0', java.version: '17.0.5'
Driver info: org.openqa.selenium.firefox.FirefoxDriver
Command: [b1968d68-3ca2-42d0-b0e3-b9b862038209, quit {}]
Capabilities {acceptInsecureCerts: true, browserName: firefox, browserVersion: 113.0.2, javascriptEnabled: true, moz:accessibilityChecks: false, moz:buildID: 20230522134052, moz:debuggerAddress: 127.0.0.1:64971, moz:geckodriverVersion: 0.32.2, moz:headless: false, moz:platformVersion: 10.0, moz:processID: 21176, moz:profile: C:\Users\sanja\AppData\Loca..., moz:shutdownTimeout: 60000, moz:useNonSpecCompliantPointerOrigin: false, moz:webdriverClick: true, moz:windowless: false, pageLoadStrategy: normal, platform: WINDOWS, platformName: WINDOWS, proxy: Proxy(), se:cdp: ws://127.0.0.1:64971/devtoo..., se:cdpVersion: 85, setWindowRect: true, strictFileInteractability: false, timeouts: {implicit: 0, pageLoad: 300000, script: 30000}, unhandledPromptBehavior: dismiss and notify}
Session ID: b1968d68-3ca2-42d0-b0e3-b9b862038209
at org.openqa.selenium.remote.codec.w3c.W3CHttpResponseCodec.createException(W3CHttpResponseCodec.java:200)
at org.openqa.selenium.remote.codec.w3c.W3CHttpResponseCodec.decode(W3CHttpResponseCodec.java:133)
at org.openqa.selenium.remote.codec.w3c.W3CHttpResponseCodec.decode(W3CHttpResponseCodec.java:53)
at org.openqa.selenium.remote.HttpCommandExecutor.execute(HttpCommandExecutor.java:184)
at org.openqa.selenium.remote.service.DriverCommandExecutor.invokeExecute(DriverCommandExecutor.java:164)
at org.openqa.selenium.remote.service.DriverCommandExecutor.lambda$execute$1(DriverCommandExecutor.java:102)
at java.base/java.util.concurrent.CompletableFuture$AsyncSupply.run(CompletableFuture.java:1768)
at java.base/java.util.concurrent.ThreadPoolExecutor.runWorker(ThreadPoolExecutor.java:1136)
at java.base/java.util.concurrent.ThreadPoolExecutor$Worker.run(ThreadPoolExecutor.java:635)
at java.base/java.lang.Thread.run(Thread.java:833)
... Removed 5 stack frames]]>
    </failure>
  </testcase> <!-- @AfterTest afterTest -->
  <testcase classname="TestNG_Pack.ForgotPass_TestClass" name="@AfterTest afterTest" time="-1.685563698043E9">
    <skipped/>
  </testcase> <!-- @AfterTest afterTest -->
  <testcase classname="TestNG_Pack.LOGIN_TestClass" name="@AfterTest afterTest" time="-1.685563698045E9">
    <skipped/>
  </testcase> <!-- @AfterTest afterTest -->
  <testcase classname="TestNG_Pack.LoginPage_TestClass" name="@AfterTest afterTest" time="-1.685563698049E9">
    <skipped/>
  </testcase> <!-- @AfterTest afterTest -->
  <testcase classname="TestNG_Pack.Profile_TestClass" name="@AfterTest afterTest" time="-1.685563698053E9">
    <skipped/>
  </testcase> <!-- @AfterTest afterTest -->
  <testcase classname="TestNG_Pack.Profile_TestClass" name="VerifyThatAfterLoginUserIsAbleToNavigateOnProfilePage" time="0.0">
    <skipped/>
  </testcase> <!-- VerifyThatAfterLoginUserIsAbleToNavigateOnProfilePage -->
  <testcase classname="TestNG_Pack.Profile_TestClass" name="VerifyThatUserIsAbleToNavigateOnPolicyTabInProfileSection" time="0.0">
    <skipped/>
  </testcase> <!-- VerifyThatUserIsAbleToNavigateOnPolicyTabInProfileSection -->
  <testcase classname="TestNG_Pack.Profile_TestClass" name="VerifyThatUserIsAbleToNavigateFromPolicyTabToLogsTab" time="0.0">
    <skipped/>
  </testcase> <!-- VerifyThatUserIsAbleToNavigateFromPolicyTabToLogsTab -->
  <testcase classname="TestNG_Pack.ChangePassword_TestClass" name="VerifyThatAfterLoginUserIsAbleToChangePassword" time="2.318">
    <failure type="java.lang.NoClassDefFoundError" message="Could not initialize class org.apache.poi.util.IOUtils">
      <![CDATA[java.lang.NoClassDefFoundError: Could not initialize class org.apache.poi.util.IOUtils
at org.apache.poi.poifs.filesystem.FileMagic.valueOf(FileMagic.java:209)
at org.apache.poi.ss.usermodel.WorkbookFactory.create(WorkbookFactory.java:222)
at org.apache.poi.ss.usermodel.WorkbookFactory.create(WorkbookFactory.java:185)
at Utils.Utility.getExcelData(Utility.java:45)
at TestNG_Pack.ChangePassword_TestClass.VerifyThatAfterLoginUserIsAbleToChangePassword(ChangePassword_TestClass.java:91)
at java.base/java.util.concurrent.ThreadPoolExecutor.runWorker(ThreadPoolExecutor.java:1136)
at java.base/java.util.concurrent.ThreadPoolExecutor$Worker.run(ThreadPoolExecutor.java:635)
at java.base/java.lang.Thread.run(Thread.java:833)
... Removed 12 stack frames]]>
    </failure>
  </testcase> <!-- VerifyThatAfterLoginUserIsAbleToChangePassword -->
  <testcase classname="TestNG_Pack.ChangePassword_TestClass" name="VerifyThatAfterChangingPasswordUserCanLoginWithNewPassword" time="2.243">
    <failure type="java.lang.NoClassDefFoundError" message="Could not initialize class org.apache.poi.util.IOUtils">
      <![CDATA[java.lang.NoClassDefFoundError: Could not initialize class org.apache.poi.util.IOUtils
at org.apache.poi.poifs.filesystem.FileMagic.valueOf(FileMagic.java:209)
at org.apache.poi.ss.usermodel.WorkbookFactory.create(WorkbookFactory.java:222)
at org.apache.poi.ss.usermodel.WorkbookFactory.create(WorkbookFactory.java:185)
at Utils.Utility.getExcelData(Utility.java:45)
at TestNG_Pack.ChangePassword_TestClass.VerifyThatAfterChangingPasswordUserCanLoginWithNewPassword(ChangePassword_TestClass.java:150)
at java.base/java.util.concurrent.ThreadPoolExecutor.runWorker(ThreadPoolExecutor.java:1136)
at java.base/java.util.concurrent.ThreadPoolExecutor$Worker.run(ThreadPoolExecutor.java:635)
at java.base/java.lang.Thread.run(Thread.java:833)
... Removed 12 stack frames]]>
    </failure>
  </testcase> <!-- VerifyThatAfterChangingPasswordUserCanLoginWithNewPassword -->
  <testcase classname="TestNG_Pack.LOGIN_TestClass" name="VerifyThatUserCanBeLogInByEnteringTheNewAccountCreatedValidCredentialAndClickOnLogInButton" time="0.485">
    <failure type="org.openqa.selenium.WebDriverException" message="Failed to decode response from marionette
Build info: version: &amp;apos;4.0.0&amp;apos;, revision: &amp;apos;3a21814679&amp;apos;
System info: host: &amp;apos;ACER&amp;apos;, ip: &amp;apos;192.168.43.147&amp;apos;, os.name: &amp;apos;Windows 11&amp;apos;, os.arch: &amp;apos;amd64&amp;apos;, os.version: &amp;apos;10.0&amp;apos;, java.version: &amp;apos;17.0.5&amp;apos;
Driver info: org.openqa.selenium.firefox.FirefoxDriver
Command: [77e9988a-7a25-4e4d-a91e-b694c67df4fa, findElement {using=xpath, value=//input[@type=&amp;apos;text&amp;apos;]}]
Capabilities {acceptInsecureCerts: true, browserName: firefox, browserVersion: 113.0.2, javascriptEnabled: true, moz:accessibilityChecks: false, moz:buildID: 20230522134052, moz:debuggerAddress: 127.0.0.1:56567, moz:geckodriverVersion: 0.32.2, moz:headless: false, moz:platformVersion: 10.0, moz:processID: 25348, moz:profile: C:\Users\sanja\AppData\Loca..., moz:shutdownTimeout: 60000, moz:useNonSpecCompliantPointerOrigin: false, moz:webdriverClick: true, moz:windowless: false, pageLoadStrategy: normal, platform: WINDOWS, platformName: WINDOWS, proxy: Proxy(), se:cdp: ws://127.0.0.1:56567/devtoo..., se:cdpVersion: 85, setWindowRect: true, strictFileInteractability: false, timeouts: {implicit: 0, pageLoad: 300000, script: 30000}, unhandledPromptBehavior: dismiss and notify}
Session ID: 77e9988a-7a25-4e4d-a91e-b694c67df4fa">
      <![CDATA[org.openqa.selenium.WebDriverException: Failed to decode response from marionette
Build info: version: '4.0.0', revision: '3a21814679'
System info: host: 'ACER', ip: '192.168.43.147', os.name: 'Windows 11', os.arch: 'amd64', os.version: '10.0', java.version: '17.0.5'
Driver info: org.openqa.selenium.firefox.FirefoxDriver
Command: [77e9988a-7a25-4e4d-a91e-b694c67df4fa, findElement {using=xpath, value=//input[@type='text']}]
Capabilities {acceptInsecureCerts: true, browserName: firefox, browserVersion: 113.0.2, javascriptEnabled: true, moz:accessibilityChecks: false, moz:buildID: 20230522134052, moz:debuggerAddress: 127.0.0.1:56567, moz:geckodriverVersion: 0.32.2, moz:headless: false, moz:platformVersion: 10.0, moz:processID: 25348, moz:profile: C:\Users\sanja\AppData\Loca..., moz:shutdownTimeout: 60000, moz:useNonSpecCompliantPointerOrigin: false, moz:webdriverClick: true, moz:windowless: false, pageLoadStrategy: normal, platform: WINDOWS, platformName: WINDOWS, proxy: Proxy(), se:cdp: ws://127.0.0.1:56567/devtoo..., se:cdpVersion: 85, setWindowRect: true, strictFileInteractability: false, timeouts: {implicit: 0, pageLoad: 300000, script: 30000}, unhandledPromptBehavior: dismiss and notify}
Session ID: 77e9988a-7a25-4e4d-a91e-b694c67df4fa
at org.openqa.selenium.remote.codec.w3c.W3CHttpResponseCodec.createException(W3CHttpResponseCodec.java:200)
at org.openqa.selenium.remote.codec.w3c.W3CHttpResponseCodec.decode(W3CHttpResponseCodec.java:133)
at org.openqa.selenium.remote.codec.w3c.W3CHttpResponseCodec.decode(W3CHttpResponseCodec.java:53)
at org.openqa.selenium.remote.HttpCommandExecutor.execute(HttpCommandExecutor.java:184)
at org.openqa.selenium.remote.service.DriverCommandExecutor.invokeExecute(DriverCommandExecutor.java:164)
at org.openqa.selenium.remote.service.DriverCommandExecutor.execute(DriverCommandExecutor.java:139)
at org.openqa.selenium.remote.RemoteWebDriver.execute(RemoteWebDriver.java:559)
at org.openqa.selenium.remote.ElementLocation$ElementFinder$2.findElement(ElementLocation.java:162)
at org.openqa.selenium.remote.ElementLocation.findElement(ElementLocation.java:60)
at org.openqa.selenium.remote.RemoteWebDriver.findElement(RemoteWebDriver.java:383)
at org.openqa.selenium.remote.RemoteWebDriver.findElement(RemoteWebDriver.java:375)
at org.openqa.selenium.support.pagefactory.DefaultElementLocator.findElement(DefaultElementLocator.java:70)
at org.openqa.selenium.support.pagefactory.internal.LocatingElementHandler.invoke(LocatingElementHandler.java:39)
at jdk.proxy2/jdk.proxy2.$Proxy22.click(Unknown Source)
at Pages.LogIn.ClickonLoginUserName(LogIn.java:38)
at TestNG_Pack.LOGIN_TestClass.VerifyThatUserCanBeLogInByEnteringTheNewAccountCreatedValidCredentialAndClickOnLogInButton(LOGIN_TestClass.java:84)
at java.base/java.util.concurrent.ThreadPoolExecutor.runWorker(ThreadPoolExecutor.java:1136)
at java.base/java.util.concurrent.ThreadPoolExecutor$Worker.run(ThreadPoolExecutor.java:635)
at java.base/java.lang.Thread.run(Thread.java:833)
... Removed 17 stack frames]]>
    </failure>
  </testcase> <!-- VerifyThatUserCanBeLogInByEnteringTheNewAccountCreatedValidCredentialAndClickOnLogInButton -->
  <testcase classname="TestNG_Pack.LOGIN_TestClass" name="VerifyThatUserCanBeLogInByEnteringOldAccountValidCredentialAndClickOnLogInButton" time="0.0">
    <skipped/>
  </testcase> <!-- VerifyThatUserCanBeLogInByEnteringOldAccountValidCredentialAndClickOnLogInButton -->
  <testcase classname="TestNG_Pack.ForgotPass_TestClass" name="VerifyThatUserIsAbleToClickOnForgotPasswordLinkAndNavigateOnResetPasswordPage" time="0.0">
    <skipped/>
  </testcase> <!-- VerifyThatUserIsAbleToClickOnForgotPasswordLinkAndNavigateOnResetPasswordPage -->
  <testcase classname="TestNG_Pack.ForgotPass_TestClass" name="VerifyThatUserIsAbleToPassTheValidUsernameAndThenClickOnResetPasswordButtonThenSeeToastMessageOnUI" time="0.0">
    <skipped/>
  </testcase> <!-- VerifyThatUserIsAbleToPassTheValidUsernameAndThenClickOnResetPasswordButtonThenSeeToastMessageOnUI -->
  <testcase classname="TestNG_Pack.LoginPage_TestClass" name="VerifyUserIsAbleToNavigateOnLoginPageAfterHitTheURL" time="0.0">
    <skipped/>
  </testcase> <!-- VerifyUserIsAbleToNavigateOnLoginPageAfterHitTheURL -->
  <testcase classname="TestNG_Pack.LoginPage_TestClass" name="VerifyUserIsAbleToSeeTheTextLogIntoYourAccountAfterComingOnLoginPage" time="0.0">
    <skipped/>
  </testcase> <!-- VerifyUserIsAbleToSeeTheTextLogIntoYourAccountAfterComingOnLoginPage -->
  <testcase classname="TestNG_Pack.LoginPage_TestClass" name="VerifyThatLogInButtonIsDisplayOnLoginPageOrNot" time="0.0">
    <skipped/>
  </testcase> <!-- VerifyThatLogInButtonIsDisplayOnLoginPageOrNot -->
  <testcase classname="TestNG_Pack.CreateAcc_TestClass" name="VerifyThatUserIsAbleToClickOnCreateAccountLinkThenItWillNavigateOnUserRegistarionpage" time="0.34">
    <failure type="org.openqa.selenium.WebDriverException" message="Failed to decode response from marionette
Build info: version: &amp;apos;4.0.0&amp;apos;, revision: &amp;apos;3a21814679&amp;apos;
System info: host: &amp;apos;ACER&amp;apos;, ip: &amp;apos;192.168.43.147&amp;apos;, os.name: &amp;apos;Windows 11&amp;apos;, os.arch: &amp;apos;amd64&amp;apos;, os.version: &amp;apos;10.0&amp;apos;, java.version: &amp;apos;17.0.5&amp;apos;
Driver info: org.openqa.selenium.firefox.FirefoxDriver
Command: [b1968d68-3ca2-42d0-b0e3-b9b862038209, findElement {using=xpath, value=//div[@class=&amp;apos;userRegistration ng-star-inserted&amp;apos;]//p[text()=&amp;apos;Create Account&amp;apos;]}]
Capabilities {acceptInsecureCerts: true, browserName: firefox, browserVersion: 113.0.2, javascriptEnabled: true, moz:accessibilityChecks: false, moz:buildID: 20230522134052, moz:debuggerAddress: 127.0.0.1:64971, moz:geckodriverVersion: 0.32.2, moz:headless: false, moz:platformVersion: 10.0, moz:processID: 21176, moz:profile: C:\Users\sanja\AppData\Loca..., moz:shutdownTimeout: 60000, moz:useNonSpecCompliantPointerOrigin: false, moz:webdriverClick: true, moz:windowless: false, pageLoadStrategy: normal, platform: WINDOWS, platformName: WINDOWS, proxy: Proxy(), se:cdp: ws://127.0.0.1:64971/devtoo..., se:cdpVersion: 85, setWindowRect: true, strictFileInteractability: false, timeouts: {implicit: 0, pageLoad: 300000, script: 30000}, unhandledPromptBehavior: dismiss and notify}
Session ID: b1968d68-3ca2-42d0-b0e3-b9b862038209">
      <![CDATA[org.openqa.selenium.WebDriverException: Failed to decode response from marionette
Build info: version: '4.0.0', revision: '3a21814679'
System info: host: 'ACER', ip: '192.168.43.147', os.name: 'Windows 11', os.arch: 'amd64', os.version: '10.0', java.version: '17.0.5'
Driver info: org.openqa.selenium.firefox.FirefoxDriver
Command: [b1968d68-3ca2-42d0-b0e3-b9b862038209, findElement {using=xpath, value=//div[@class='userRegistration ng-star-inserted']//p[text()='Create Account']}]
Capabilities {acceptInsecureCerts: true, browserName: firefox, browserVersion: 113.0.2, javascriptEnabled: true, moz:accessibilityChecks: false, moz:buildID: 20230522134052, moz:debuggerAddress: 127.0.0.1:64971, moz:geckodriverVersion: 0.32.2, moz:headless: false, moz:platformVersion: 10.0, moz:processID: 21176, moz:profile: C:\Users\sanja\AppData\Loca..., moz:shutdownTimeout: 60000, moz:useNonSpecCompliantPointerOrigin: false, moz:webdriverClick: true, moz:windowless: false, pageLoadStrategy: normal, platform: WINDOWS, platformName: WINDOWS, proxy: Proxy(), se:cdp: ws://127.0.0.1:64971/devtoo..., se:cdpVersion: 85, setWindowRect: true, strictFileInteractability: false, timeouts: {implicit: 0, pageLoad: 300000, script: 30000}, unhandledPromptBehavior: dismiss and notify}
Session ID: b1968d68-3ca2-42d0-b0e3-b9b862038209
at org.openqa.selenium.remote.codec.w3c.W3CHttpResponseCodec.createException(W3CHttpResponseCodec.java:200)
at org.openqa.selenium.remote.codec.w3c.W3CHttpResponseCodec.decode(W3CHttpResponseCodec.java:133)
at org.openqa.selenium.remote.codec.w3c.W3CHttpResponseCodec.decode(W3CHttpResponseCodec.java:53)
at org.openqa.selenium.remote.HttpCommandExecutor.execute(HttpCommandExecutor.java:184)
at org.openqa.selenium.remote.service.DriverCommandExecutor.invokeExecute(DriverCommandExecutor.java:164)
at org.openqa.selenium.remote.service.DriverCommandExecutor.execute(DriverCommandExecutor.java:139)
at org.openqa.selenium.remote.RemoteWebDriver.execute(RemoteWebDriver.java:559)
at org.openqa.selenium.remote.ElementLocation$ElementFinder$2.findElement(ElementLocation.java:162)
at org.openqa.selenium.remote.ElementLocation.findElement(ElementLocation.java:60)
at org.openqa.selenium.remote.RemoteWebDriver.findElement(RemoteWebDriver.java:383)
at org.openqa.selenium.remote.RemoteWebDriver.findElement(RemoteWebDriver.java:375)
at org.openqa.selenium.support.pagefactory.DefaultElementLocator.findElement(DefaultElementLocator.java:70)
at org.openqa.selenium.support.pagefactory.internal.LocatingElementHandler.invoke(LocatingElementHandler.java:39)
at jdk.proxy2/jdk.proxy2.$Proxy22.click(Unknown Source)
at Pages.CreateAccount.ClickonCreateAccountButton(CreateAccount.java:117)
at TestNG_Pack.CreateAcc_TestClass.VerifyThatUserIsAbleToClickOnCreateAccountLinkThenItWillNavigateOnUserRegistarionpage(CreateAcc_TestClass.java:85)
at java.base/java.util.concurrent.ThreadPoolExecutor.runWorker(ThreadPoolExecutor.java:1136)
at java.base/java.util.concurrent.ThreadPoolExecutor$Worker.run(ThreadPoolExecutor.java:635)
at java.base/java.lang.Thread.run(Thread.java:833)
... Removed 17 stack frames]]>
    </failure>
  </testcase> <!-- VerifyThatUserIsAbleToClickOnCreateAccountLinkThenItWillNavigateOnUserRegistarionpage -->
  <testcase classname="TestNG_Pack.CreateAcc_TestClass" name="VerifyThatAfterNavigateOnUserRegistrationPageByDefaultUserTypeIsSelectedAsLocal" time="0.0">
    <skipped/>
  </testcase> <!-- VerifyThatAfterNavigateOnUserRegistrationPageByDefaultUserTypeIsSelectedAsLocal -->
  <testcase classname="TestNG_Pack.CreateAcc_TestClass" name="VerifyThatUserIsAbleToSelectUserTypeasDomain" time="0.0">
    <skipped/>
  </testcase> <!-- VerifyThatUserIsAbleToSelectUserTypeasDomain -->
  <testcase classname="TestNG_Pack.CreateAcc_TestClass" name="VerifyThatUserNameTextBoxAcceptTheStringTypeData" time="0.0">
    <skipped/>
  </testcase> <!-- VerifyThatUserNameTextBoxAcceptTheStringTypeData -->
  <testcase classname="TestNG_Pack.CreateAcc_TestClass" name="VerifyThatUserNameFieldAcceptStringTypeDataWithOneSpecialCharacterOrNot" time="0.0">
    <skipped/>
  </testcase> <!-- VerifyThatUserNameFieldAcceptStringTypeDataWithOneSpecialCharacterOrNot -->
  <testcase classname="TestNG_Pack.CreateAcc_TestClass" name="VerifyThatAfterPassingMoreThan50CharacterInUserNameTextBoxItWillAcceptOrNot" time="0.0">
    <skipped/>
  </testcase> <!-- VerifyThatAfterPassingMoreThan50CharacterInUserNameTextBoxItWillAcceptOrNot -->
  <testcase classname="TestNG_Pack.CreateAcc_TestClass" name="VerifyThatAfterClickOnUserNameTextBoxAndThenPassTheValueDirectlyInFirstNameTextBoxItWillGiveErrorUnderTheUserNameField" time="0.0">
    <skipped/>
  </testcase> <!-- VerifyThatAfterClickOnUserNameTextBoxAndThenPassTheValueDirectlyInFirstNameTextBoxItWillGiveErrorUnderTheUserNameField -->
  <testcase classname="TestNG_Pack.CreateAcc_TestClass" name="VerifyThatUserIsAbleToPassTheStringIntegerTypeDataInFirstNameTextBox" time="0.0">
    <skipped/>
  </testcase> <!-- VerifyThatUserIsAbleToPassTheStringIntegerTypeDataInFirstNameTextBox -->
  <testcase classname="TestNG_Pack.CreateAcc_TestClass" name="VerifyThatUserIsAbleToPassTheStringIntegerTypeDataInPasswordTextBox" time="0.0">
    <skipped/>
  </testcase> <!-- VerifyThatUserIsAbleToPassTheStringIntegerTypeDataInPasswordTextBox -->
  <testcase classname="TestNG_Pack.CreateAcc_TestClass" name="VerifyThatIfUserCanPassDifferentPasswordInBothPasswordAndConfirmPasswordField" time="0.0">
    <skipped/>
  </testcase> <!-- VerifyThatIfUserCanPassDifferentPasswordInBothPasswordAndConfirmPasswordField -->
  <testcase classname="TestNG_Pack.CreateAcc_TestClass" name="VerifyThatIfUserCanPassTheInvalidEmailIdInEmailIdTextBox" time="0.0">
    <skipped/>
  </testcase> <!-- VerifyThatIfUserCanPassTheInvalidEmailIdInEmailIdTextBox -->
  <testcase classname="TestNG_Pack.CreateAcc_TestClass" name="VerifyThatUserIsAbleToSelectAndorraCountryCodePlus376AndPassSixDigitPhoneNumber" time="0.0">
    <skipped/>
  </testcase> <!-- VerifyThatUserIsAbleToSelectAndorraCountryCodePlus376AndPassSixDigitPhoneNumber -->
  <testcase classname="TestNG_Pack.CreateAcc_TestClass" name="VerifyThatByPassingTheAllValidDataInTextBoxesClickOnCreateButtonToastMessageWillSeeOnLogInPage" time="0.0">
    <skipped/>
  </testcase> <!-- VerifyThatByPassingTheAllValidDataInTextBoxesClickOnCreateButtonToastMessageWillSeeOnLogInPage -->
</testsuite> <!-- FirefoxTest -->
