<?xml version="1.0" encoding="UTF-8"?>
<!-- Generated by org.testng.reporters.JUnitReportReporter -->
<testsuite hostname="ACER" failures="0" tests="14" name="TestNG_Pack.CreateAcc_TestClass" time="180.018" errors="1" timestamp="2023-06-01T15:42:21 IST" skipped="13">
  <testcase classname="TestNG_Pack.CreateAcc_TestClass" name="Open_the_Application" time="180.018">
    <error message="java.util.concurrent.TimeoutException
Build info: version: &#039;4.0.0&#039;, revision: &#039;3a21814679&#039;
System info: host: &#039;ACER&#039;, ip: &#039;192.168.113.83&#039;, os.name: &#039;Windows 11&#039;, os.arch: &#039;amd64&#039;, os.version: &#039;10.0&#039;, java.version: &#039;17.0.5&#039;
Driver info: org.openqa.selenium.chrome.ChromeDriver
Command: [d1861d09eb067f8033a2c5c831957dce, get {url=https://dev340.blockarmour.com/}]
Capabilities {acceptInsecureCerts: false, browserName: chrome, browserVersion: 113.0.5672.127, chrome: {chromedriverVersion: 112.0.5615.49 (bd2a7bcb881c..., userDataDir: C:\Users\sanja\AppData\Loca...}, goog:chromeOptions: {debuggerAddress: localhost:57078}, javascriptEnabled: true, networkConnectionEnabled: false, pageLoadStrategy: normal, platform: WINDOWS, platformName: WINDOWS, proxy: Proxy(), se:cdp: ws://localhost:57078/devtoo..., se:cdpVersion: 113.0.5672.127, setWindowRect: true, strictFileInteractability: false, timeouts: {implicit: 0, pageLoad: 300000, script: 30000}, unhandledPromptBehavior: dismiss and notify, webauthn:extension:credBlob: true, webauthn:extension:largeBlob: true, webauthn:extension:minPinLength: true, webauthn:extension:prf: true, webauthn:virtualAuthenticators: true}
Session ID: d1861d09eb067f8033a2c5c831957dce" type="org.openqa.selenium.TimeoutException">
      <![CDATA[org.openqa.selenium.TimeoutException: java.util.concurrent.TimeoutException
Build info: version: '4.0.0', revision: '3a21814679'
System info: host: 'ACER', ip: '192.168.113.83', os.name: 'Windows 11', os.arch: 'amd64', os.version: '10.0', java.version: '17.0.5'
Driver info: org.openqa.selenium.chrome.ChromeDriver
Command: [d1861d09eb067f8033a2c5c831957dce, get {url=https://dev340.blockarmour.com/}]
Capabilities {acceptInsecureCerts: false, browserName: chrome, browserVersion: 113.0.5672.127, chrome: {chromedriverVersion: 112.0.5615.49 (bd2a7bcb881c..., userDataDir: C:\Users\sanja\AppData\Loca...}, goog:chromeOptions: {debuggerAddress: localhost:57078}, javascriptEnabled: true, networkConnectionEnabled: false, pageLoadStrategy: normal, platform: WINDOWS, platformName: WINDOWS, proxy: Proxy(), se:cdp: ws://localhost:57078/devtoo..., se:cdpVersion: 113.0.5672.127, setWindowRect: true, strictFileInteractability: false, timeouts: {implicit: 0, pageLoad: 300000, script: 30000}, unhandledPromptBehavior: dismiss and notify, webauthn:extension:credBlob: true, webauthn:extension:largeBlob: true, webauthn:extension:minPinLength: true, webauthn:extension:prf: true, webauthn:virtualAuthenticators: true}
Session ID: d1861d09eb067f8033a2c5c831957dce
at org.openqa.selenium.remote.http.netty.NettyHttpHandler.makeCall(NettyHttpHandler.java:72)
at org.openqa.selenium.remote.http.AddSeleniumUserAgent.lambda$apply$0(AddSeleniumUserAgent.java:42)
at org.openqa.selenium.remote.http.Filter.lambda$andFinally$1(Filter.java:56)
at org.openqa.selenium.remote.http.netty.NettyHttpHandler.execute(NettyHttpHandler.java:51)
at org.openqa.selenium.remote.http.AddSeleniumUserAgent.lambda$apply$0(AddSeleniumUserAgent.java:42)
at org.openqa.selenium.remote.http.Filter.lambda$andFinally$1(Filter.java:56)
at org.openqa.selenium.remote.http.netty.NettyClient.execute(NettyClient.java:119)
at org.openqa.selenium.remote.HttpCommandExecutor.execute(HttpCommandExecutor.java:181)
at org.openqa.selenium.remote.service.DriverCommandExecutor.invokeExecute(DriverCommandExecutor.java:164)
at org.openqa.selenium.remote.service.DriverCommandExecutor.execute(DriverCommandExecutor.java:139)
at org.openqa.selenium.remote.RemoteWebDriver.execute(RemoteWebDriver.java:559)
at org.openqa.selenium.remote.RemoteWebDriver.get(RemoteWebDriver.java:328)
at TestNG_Pack.CreateAcc_TestClass.Open_the_Application(CreateAcc_TestClass.java:74)
at java.base/jdk.internal.reflect.NativeMethodAccessorImpl.invoke0(Native Method)
at java.base/jdk.internal.reflect.NativeMethodAccessorImpl.invoke(NativeMethodAccessorImpl.java:77)
at java.base/jdk.internal.reflect.DelegatingMethodAccessorImpl.invoke(DelegatingMethodAccessorImpl.java:43)
at java.base/java.lang.reflect.Method.invoke(Method.java:568)
at org.testng.internal.MethodInvocationHelper.invokeMethod(MethodInvocationHelper.java:133)
at org.testng.internal.MethodInvocationHelper.invokeMethodConsideringTimeout(MethodInvocationHelper.java:62)
at org.testng.internal.ConfigInvoker.invokeConfigurationMethod(ConfigInvoker.java:385)
at org.testng.internal.ConfigInvoker.invokeConfigurations(ConfigInvoker.java:321)
at org.testng.internal.TestInvoker.runConfigMethods(TestInvoker.java:700)
at org.testng.internal.TestInvoker.invokeMethod(TestInvoker.java:527)
at org.testng.internal.TestInvoker.invokeTestMethod(TestInvoker.java:173)
at org.testng.internal.MethodRunner.runInSequence(MethodRunner.java:46)
at org.testng.internal.TestInvoker$MethodInvocationAgent.invoke(TestInvoker.java:824)
at org.testng.internal.TestInvoker.invokeTestMethods(TestInvoker.java:146)
at org.testng.internal.TestMethodWorker.invokeTestMethods(TestMethodWorker.java:146)
at org.testng.internal.TestMethodWorker.run(TestMethodWorker.java:128)
at java.base/java.util.concurrent.ThreadPoolExecutor.runWorker(ThreadPoolExecutor.java:1136)
at java.base/java.util.concurrent.ThreadPoolExecutor$Worker.run(ThreadPoolExecutor.java:635)
at java.base/java.lang.Thread.run(Thread.java:833)
Caused by: java.util.concurrent.TimeoutException
at java.base/java.util.concurrent.CompletableFuture.timedGet(CompletableFuture.java:1960)
at java.base/java.util.concurrent.CompletableFuture.get(CompletableFuture.java:2095)
at org.asynchttpclient.netty.NettyResponseFuture.get(NettyResponseFuture.java:206)
at org.openqa.selenium.remote.http.netty.NettyHttpHandler.makeCall(NettyHttpHandler.java:66)
... 31 more
]]>
    </error>
  </testcase> <!-- Open_the_Application -->
  <system-out/>
  <testcase classname="TestNG_Pack.CreateAcc_TestClass" name="VerifyThatUserIsAbleToClickOnCreateAccountLinkThenItWillNavigateOnUserRegistarionpage" time="0.000">
    <skipped/>
  </testcase> <!-- VerifyThatUserIsAbleToClickOnCreateAccountLinkThenItWillNavigateOnUserRegistarionpage -->
  <system-out/>
  <testcase classname="TestNG_Pack.CreateAcc_TestClass" name="VerifyThatAfterNavigateOnUserRegistrationPageByDefaultUserTypeIsSelectedAsLocal" time="0.000">
    <skipped/>
  </testcase> <!-- VerifyThatAfterNavigateOnUserRegistrationPageByDefaultUserTypeIsSelectedAsLocal -->
  <system-out/>
  <testcase classname="TestNG_Pack.CreateAcc_TestClass" name="VerifyThatUserIsAbleToSelectUserTypeasDomain" time="0.000">
    <skipped/>
  </testcase> <!-- VerifyThatUserIsAbleToSelectUserTypeasDomain -->
  <system-out/>
  <testcase classname="TestNG_Pack.CreateAcc_TestClass" name="VerifyThatUserNameTextBoxAcceptTheStringTypeData" time="0.000">
    <skipped/>
  </testcase> <!-- VerifyThatUserNameTextBoxAcceptTheStringTypeData -->
  <system-out/>
  <testcase classname="TestNG_Pack.CreateAcc_TestClass" name="VerifyThatUserNameFieldAcceptStringTypeDataWithOneSpecialCharacterOrNot" time="0.000">
    <skipped/>
  </testcase> <!-- VerifyThatUserNameFieldAcceptStringTypeDataWithOneSpecialCharacterOrNot -->
  <system-out/>
  <testcase classname="TestNG_Pack.CreateAcc_TestClass" name="VerifyThatAfterPassingMoreThan50CharacterInUserNameTextBoxItWillAcceptOrNot" time="0.000">
    <skipped/>
  </testcase> <!-- VerifyThatAfterPassingMoreThan50CharacterInUserNameTextBoxItWillAcceptOrNot -->
  <system-out/>
  <testcase classname="TestNG_Pack.CreateAcc_TestClass" name="VerifyThatAfterClickOnUserNameTextBoxAndThenPassTheValueDirectlyInFirstNameTextBoxItWillGiveErrorUnderTheUserNameField" time="0.000">
    <skipped/>
  </testcase> <!-- VerifyThatAfterClickOnUserNameTextBoxAndThenPassTheValueDirectlyInFirstNameTextBoxItWillGiveErrorUnderTheUserNameField -->
  <system-out/>
  <testcase classname="TestNG_Pack.CreateAcc_TestClass" name="VerifyThatUserIsAbleToPassTheStringIntegerTypeDataInFirstNameTextBox" time="0.000">
    <skipped/>
  </testcase> <!-- VerifyThatUserIsAbleToPassTheStringIntegerTypeDataInFirstNameTextBox -->
  <system-out/>
  <testcase classname="TestNG_Pack.CreateAcc_TestClass" name="VerifyThatUserIsAbleToPassTheStringIntegerTypeDataInPasswordTextBox" time="0.000">
    <skipped/>
  </testcase> <!-- VerifyThatUserIsAbleToPassTheStringIntegerTypeDataInPasswordTextBox -->
  <system-out/>
  <testcase classname="TestNG_Pack.CreateAcc_TestClass" name="VerifyThatIfUserCanPassDifferentPasswordInBothPasswordAndConfirmPasswordField" time="0.000">
    <skipped/>
  </testcase> <!-- VerifyThatIfUserCanPassDifferentPasswordInBothPasswordAndConfirmPasswordField -->
  <system-out/>
  <testcase classname="TestNG_Pack.CreateAcc_TestClass" name="VerifyThatIfUserCanPassTheInvalidEmailIdInEmailIdTextBox" time="0.000">
    <skipped/>
  </testcase> <!-- VerifyThatIfUserCanPassTheInvalidEmailIdInEmailIdTextBox -->
  <system-out/>
  <testcase classname="TestNG_Pack.CreateAcc_TestClass" name="VerifyThatUserIsAbleToSelectAndorraCountryCodePlus376AndPassSixDigitPhoneNumber" time="0.000">
    <skipped/>
  </testcase> <!-- VerifyThatUserIsAbleToSelectAndorraCountryCodePlus376AndPassSixDigitPhoneNumber -->
  <system-out/>
  <testcase classname="TestNG_Pack.CreateAcc_TestClass" name="VerifyThatByPassingTheAllValidDataInTextBoxesClickOnCreateButtonToastMessageWillSeeOnLogInPage" time="0.000">
    <skipped/>
  </testcase> <!-- VerifyThatByPassingTheAllValidDataInTextBoxesClickOnCreateButtonToastMessageWillSeeOnLogInPage -->
  <system-out/>
</testsuite> <!-- TestNG_Pack.CreateAcc_TestClass -->
